<?xml version="1.0" encoding="UTF-8"?>
<!-- Generated by org.testng.reporters.JUnitXMLReporter -->
<testsuite hostname="DESKTOP-IDTNI42" ignored="4" name="personalloans" tests="14" failures="0" timestamp="30 Jul 2021 06:59:38 GMT" time="12.52" errors="0">
  <testcase name="carleaseloginapp" time="0.015" classname="Loans.carlease"/>
  <testcase name="carleaseloginweb" time="0.0" classname="Loans.carlease"/>
  <testcase name="login" time="0.015" classname="Loans.carlease"/>
  <testcase name="login" time="0.0" classname="Loans.carlease"/>
  <testcase name="login" time="0.0" classname="Loans.carlease"/>
  <testcase name="carloanloginweb" time="0.0" classname="Loans.carloan"/>
  <testcase name="fixedloanloginapp" time="0.0" classname="Loans.fixedloan"/>
  <testcase name="fixedloanloginweb" time="0.0" classname="Loans.fixedloan"/>
  <testcase name="flexiloanloginweb" time="0.0" classname="Loans.flexiloan"/>
  <testcase name="flexiloanloginapp" time="0.0" classname="Loans.flexiloan"/>
  <testcase name="openBrowser" time="3.517" classname="Loans.NewTour"/>
  <testcase name="openAUT" time="3.039" classname="Loans.NewTour"/>
  <testcase name="TestLogin" time="4.609" classname="Loans.NewTour"/>
  <testcase name="closeBrowswer" time="1.144" classname="Loans.NewTour"/>
  <testcase name="carloanloginnet" time="0.0" classname="Loans.carloan">
    <ignored/>
  </testcase> <!-- carloanloginnet -->
  <testcase name="fixedloanloginnet" time="0.0" classname="Loans.fixedloan">
    <ignored/>
  </testcase> <!-- fixedloanloginnet -->
  <testcase name="Logout" time="0.0" classname="Loans.NewTour">
    <ignored/>
  </testcase> <!-- Logout -->
  <testcase name="carleaseloginnet" time="0.0" classname="Loans.carlease">
    <ignored/>
  </testcase> <!-- carleaseloginnet -->
</testsuite> <!-- personalloans -->
