<?xml version="1.0" encoding="UTF-8"?>
<!-- Generated by org.testng.reporters.JUnitXMLReporter -->
<testsuite hostname="DESKTOP-IDTNI42" ignored="0" name="newtour" tests="5" failures="0" timestamp="30 Jul 2021 06:55:45 GMT" time="17.057" errors="0">
  <testcase name="openBrowser" time="3.251" classname="Loans.NewTour"/>
  <testcase name="openAUT" time="3.394" classname="Loans.NewTour"/>
  <testcase name="TestLogin" time="4.525" classname="Loans.NewTour"/>
  <testcase name="Logout" time="3.762" classname="Loans.NewTour"/>
  <testcase name="closeBrowswer" time="2.084" classname="Loans.NewTour"/>
</testsuite> <!-- newtour -->
