<?xml version="1.0" encoding="UTF-8"?>
<!-- Generated by org.testng.reporters.JUnitXMLReporter -->
<testsuite hostname="DESKTOP-IDTNI42" ignored="3" name="personalloans" tests="7" failures="0" timestamp="03 Jul 2021 07:56:52 GMT" time="0.087" errors="0">
  <testcase name="carleaseloginapp" time="0.013" classname="Loans.carlease"/>
  <testcase name="carleaseloginweb" time="0.003" classname="Loans.carlease"/>
  <testcase name="carloanloginweb" time="0.002" classname="Loans.carloan"/>
  <testcase name="fixedloanloginapp" time="0.002" classname="Loans.fixedloan"/>
  <testcase name="fixedloanloginweb" time="0.002" classname="Loans.fixedloan"/>
  <testcase name="flexiloanloginweb" time="0.003" classname="Loans.flexiloan"/>
  <testcase name="flexiloanloginapp" time="0.001" classname="Loans.flexiloan"/>
  <testcase name="carloanloginnet" time="0.0" classname="Loans.carloan">
    <ignored/>
  </testcase> <!-- carloanloginnet -->
  <testcase name="fixedloanloginnet" time="0.0" classname="Loans.fixedloan">
    <ignored/>
  </testcase> <!-- fixedloanloginnet -->
  <testcase name="carleaseloginnet" time="0.0" classname="Loans.carlease">
    <ignored/>
  </testcase> <!-- carleaseloginnet -->
</testsuite> <!-- personalloans -->
