<?xml version="1.0" encoding="UTF-8"?>
<testng-results skipped="0" failed="1" ignored="0" total="6" passed="5">
  <reporter-output>
  </reporter-output>
  <suite name="Default suite" duration-ms="277" started-at="2021-09-12T08:07:19Z" finished-at="2021-09-12T08:07:19Z">
    <groups>
      <group name="smoke">
        <method signature="carlease.carleaseloginnet()[pri:0, instance:Loans.carlease@76b0bfab]" name="carleaseloginnet" class="Loans.carlease"/>
      </group> <!-- smoke -->
    </groups>
    <test name="Default test" duration-ms="277" started-at="2021-09-12T08:07:19Z" finished-at="2021-09-12T08:07:19Z">
      <class name="Loans.carlease">
        <test-method status="FAIL" signature="carleaseloginapp(java.lang.String)[pri:0, instance:Loans.carlease@76b0bfab]" name="carleaseloginapp" duration-ms="0" started-at="2021-09-12T08:07:19Z" finished-at="2021-09-12T08:07:19Z">
          <exception class="org.testng.TestNGException">
            <message>
              <![CDATA[
Parameter 'url' is required by @Test on method carleaseloginapp but has not been marked @Optional or defined
in C:\Users\DELL\AppData\Local\Temp\testng-eclipse--1130103680\testng-customsuite.xml]]>
            </message>
            <full-stacktrace>
              <![CDATA[org.testng.TestNGException: 
Parameter 'url' is required by @Test on method carleaseloginapp but has not been marked @Optional or defined
in C:\Users\DELL\AppData\Local\Temp\testng-eclipse--1130103680\testng-customsuite.xml
at org.testng.internal.Parameters.createParams(Parameters.java:290)
at org.testng.internal.Parameters.createParametersForMethod(Parameters.java:359)
at org.testng.internal.Parameters.createParameters(Parameters.java:620)
at org.testng.internal.Parameters.handleParameters(Parameters.java:769)
at org.testng.internal.ParameterHandler.handleParameters(ParameterHandler.java:49)
at org.testng.internal.ParameterHandler.createParameters(ParameterHandler.java:37)
at org.testng.internal.Invoker.invokeTestMethods(Invoker.java:924)
at org.testng.internal.TestMethodWorker.invokeTestMethods(TestMethodWorker.java:125)
at org.testng.internal.TestMethodWorker.run(TestMethodWorker.java:109)
at org.testng.TestRunner.privateRun(TestRunner.java:648)
at org.testng.TestRunner.run(TestRunner.java:505)
at org.testng.SuiteRunner.runTest(SuiteRunner.java:455)
at org.testng.SuiteRunner.runSequentially(SuiteRunner.java:450)
at org.testng.SuiteRunner.privateRun(SuiteRunner.java:415)
at org.testng.SuiteRunner.run(SuiteRunner.java:364)
at org.testng.SuiteRunnerWorker.runSuite(SuiteRunnerWorker.java:52)
at org.testng.SuiteRunnerWorker.run(SuiteRunnerWorker.java:84)
at org.testng.TestNG.runSuitesSequentially(TestNG.java:1208)
at org.testng.TestNG.runSuitesLocally(TestNG.java:1137)
at org.testng.TestNG.runSuites(TestNG.java:1049)
at org.testng.TestNG.run(TestNG.java:1017)
at org.testng.remote.AbstractRemoteTestNG.run(AbstractRemoteTestNG.java:115)
at org.testng.remote.RemoteTestNG.initAndRun(RemoteTestNG.java:251)
at org.testng.remote.RemoteTestNG.main(RemoteTestNG.java:77)
]]>
            </full-stacktrace>
          </exception> <!-- org.testng.TestNGException -->
          <reporter-output>
          </reporter-output>
        </test-method> <!-- carleaseloginapp -->
        <test-method status="PASS" signature="carleaseloginnet()[pri:0, instance:Loans.carlease@76b0bfab]" name="carleaseloginnet" duration-ms="22" started-at="2021-09-12T08:07:19Z" finished-at="2021-09-12T08:07:19Z">
          <reporter-output>
          </reporter-output>
        </test-method> <!-- carleaseloginnet -->
        <test-method status="PASS" signature="carleaseloginweb()[pri:0, instance:Loans.carlease@76b0bfab]" name="carleaseloginweb" duration-ms="6" started-at="2021-09-12T08:07:19Z" finished-at="2021-09-12T08:07:19Z">
          <reporter-output>
          </reporter-output>
        </test-method> <!-- carleaseloginweb -->
        <test-method status="PASS" signature="login(java.lang.String, java.lang.String)[pri:0, instance:Loans.carlease@76b0bfab]" name="login" duration-ms="3" started-at="2021-09-12T08:07:19Z" data-provider="getdata" finished-at="2021-09-12T08:07:19Z">
          <params>
            <param index="0">
              <value>
                <![CDATA[althaf]]>
              </value>
            </param>
            <param index="1">
              <value>
                <![CDATA[test0]]>
              </value>
            </param>
          </params>
          <reporter-output>
          </reporter-output>
        </test-method> <!-- login -->
        <test-method status="PASS" signature="login(java.lang.String, java.lang.String)[pri:0, instance:Loans.carlease@76b0bfab]" name="login" duration-ms="2" started-at="2021-09-12T08:07:19Z" data-provider="getdata" finished-at="2021-09-12T08:07:19Z">
          <params>
            <param index="0">
              <value>
                <![CDATA[sadik]]>
              </value>
            </param>
            <param index="1">
              <value>
                <![CDATA[test1]]>
              </value>
            </param>
          </params>
          <reporter-output>
          </reporter-output>
        </test-method> <!-- login -->
        <test-method status="PASS" signature="login(java.lang.String, java.lang.String)[pri:0, instance:Loans.carlease@76b0bfab]" name="login" duration-ms="9" started-at="2021-09-12T08:07:19Z" data-provider="getdata" finished-at="2021-09-12T08:07:19Z">
          <params>
            <param index="0">
              <value>
                <![CDATA[anees]]>
              </value>
            </param>
            <param index="1">
              <value>
                <![CDATA[test2]]>
              </value>
            </param>
          </params>
          <reporter-output>
          </reporter-output>
        </test-method> <!-- login -->
      </class> <!-- Loans.carlease -->
    </test> <!-- Default test -->
  </suite> <!-- Default suite -->
</testng-results>
